Request method:	GET
Request URI:	https://postman-echo.com/get
Proxy:			<none>
Request params:	<none>
Query params:	<none>
Form params:	<none>
Path params:	<none>
Headers:		Accept=*/*
Cookies:		<none>
Multiparts:		<none>
Body:			<none>
HTTP/1.1 200 OK
Date: Sun, 01 Jun 2025 17:26:39 GMT
Content-Type: application/json; charset=utf-8
Content-Length: 429
Connection: keep-alive
Server: nginx
ETag: W/"1ad-XmmzDNZShL11JSlkwtBtJloON64"
set-cookie: sails.sid=s%3A1QK0ThszsF6Q4ISHXM6AYY8zMW8lgSP8.cDXOLtMgGPfDouazVHKN%2B%2F7sp3F4RdKtrbznqPDHJ3I; Path=/; HttpOnly

{
    "args": {
        
    },
    "headers": {
        "host": "postman-echo.com",
        "x-request-start": "t1748798799.856",
        "connection": "close",
        "x-forwarded-proto": "https",
        "x-forwarded-port": "443",
        "x-amzn-trace-id": "Root=1-683c8d4f-7a8a94e072654fc67c227b04",
        "accept": "*/*",
        "user-agent": "Apache-HttpClient/4.5.13 (Java/21.0.7)",
        "accept-encoding": "gzip,deflate"
    },
    "url": "https://postman-echo.com/get"
}
